<?xml version="1.0" encoding="UTF-8"?>
<!-- Generated by org.testng.reporters.JUnitXMLReporter -->
<testsuite ignored="2" hostname="Benny-computer" failures="0" tests="1" name="Default test" time="3.118" errors="0" timestamp="29 Jun 2018 16:46:10 GMT">
  <testcase classname="testcases.LoginTest" name="loginAsBankManager" time="3.1"/>
  <testcase classname="base.TestBase" name="@BeforeSuite setup" time="0.0">
    <ignored/>
  </testcase> <!-- @BeforeSuite setup -->
  <testcase classname="base.TestBase" name="@AfterSuite teardown" time="0.0">
    <ignored/>
  </testcase> <!-- @AfterSuite teardown -->
</testsuite> <!-- Default test -->
