<?xml version="1.0" encoding="UTF-8"?>
<!-- Generated by org.testng.reporters.JUnitXMLReporter -->
<testsuite hostname="Benny-computer" ignored="0" name="Add Customer Test" tests="1" failures="1" timestamp="30 Jun 2018 17:13:04 GMT" time="0.892" errors="0">
  <testcase name="addCustomer" time="0.508" classname="testcases.AddCustomerTest">
    <failure type="java.lang.AssertionError" message="yay">
      <![CDATA[java.lang.AssertionError: yay
	at testcases.AddCustomerTest.addCustomer(AddCustomerTest.java:25)
... Removed 29 stack frames]]>
    </failure>
  </testcase> <!-- addCustomer -->
</testsuite> <!-- Add Customer Test -->
