<?xml version="1.0" encoding="UTF-8"?>
<!-- Generated by org.testng.reporters.JUnitXMLReporter -->
<testsuite hostname="Benny-computer" ignored="0" name="Bank Manager Login Test" tests="1" failures="1" timestamp="30 Jun 2018 17:13:03 GMT" time="0.726" errors="0">
  <testcase name="loginAsBankManager" time="0.306" classname="testcases.BankManagerLoginTest">
    <failure type="java.lang.AssertionError" message="Login not succesfull">
      <![CDATA[java.lang.AssertionError: Login not succesfull
	at testcases.BankManagerLoginTest.loginAsBankManager(BankManagerLoginTest.java:22)
... Removed 29 stack frames]]>
    </failure>
  </testcase> <!-- loginAsBankManager -->
</testsuite> <!-- Bank Manager Login Test -->
