<?xml version="1.0" encoding="UTF-8"?>
<testng-results skipped="0" failed="0" ignored="0" total="3" passed="3">
  <reporter-output>
  </reporter-output>
  <suite name="Data Driven Basics" duration-ms="4137" started-at="2018-07-02T10:07:16Z" finished-at="2018-07-02T10:07:20Z">
    <groups>
    </groups>
    <test name="Bank Manager Login Test" duration-ms="633" started-at="2018-07-02T10:07:16Z" finished-at="2018-07-02T10:07:17Z">
      <class name="testcases.BankManagerLoginTest">
        <test-method status="PASS" signature="loginAsBankManager()[pri:0, instance:testcases.BankManagerLoginTest@73700b80]" name="loginAsBankManager" duration-ms="287" started-at="2018-07-02T13:07:16Z" finished-at="2018-07-02T13:07:16Z">
          <reporter-output>
          </reporter-output>
        </test-method> <!-- loginAsBankManager -->
      </class> <!-- testcases.BankManagerLoginTest -->
    </test> <!-- Bank Manager Login Test -->
    <test name="Add Customer Test" duration-ms="761" started-at="2018-07-02T10:07:17Z" finished-at="2018-07-02T10:07:18Z">
      <class name="testcases.AddCustomerTest">
        <test-method status="PASS" signature="addCustomerTest(java.lang.String, java.lang.String, java.lang.String, java.lang.String)[pri:0, instance:testcases.AddCustomerTest@32ee6fee]" name="addCustomerTest" duration-ms="673" started-at="2018-07-02T13:07:17Z" data-provider="dp" finished-at="2018-07-02T13:07:17Z">
          <params>
            <param index="0">
              <value>
                <![CDATA[benny]]>
              </value>
            </param>
            <param index="1">
              <value>
                <![CDATA[refaelov]]>
              </value>
            </param>
            <param index="2">
              <value>
                <![CDATA[602010.0]]>
              </value>
            </param>
            <param index="3">
              <value>
                <![CDATA[Customer added successfully]]>
              </value>
            </param>
          </params>
          <reporter-output>
          </reporter-output>
        </test-method> <!-- addCustomerTest -->
      </class> <!-- testcases.AddCustomerTest -->
    </test> <!-- Add Customer Test -->
    <test name="Open Account Test" duration-ms="2694" started-at="2018-07-02T10:07:18Z" finished-at="2018-07-02T10:07:20Z">
      <class name="testcases.OpenAccountTest">
        <test-method status="PASS" signature="setup()[pri:0, instance:testcases.OpenAccountTest@f736069]" name="setup" is-config="true" duration-ms="6638" started-at="2018-07-02T13:07:09Z" finished-at="2018-07-02T13:07:16Z">
          <reporter-output>
          </reporter-output>
        </test-method> <!-- setup -->
        <test-method status="PASS" signature="openAccountTest(java.lang.String, java.lang.String)[pri:0, instance:testcases.OpenAccountTest@f736069]" name="openAccountTest" duration-ms="2652" started-at="2018-07-02T13:07:18Z" data-provider="dp" finished-at="2018-07-02T13:07:20Z">
          <params>
            <param index="0">
              <value>
                <![CDATA[benny refaelov]]>
              </value>
            </param>
            <param index="1">
              <value>
                <![CDATA[Rupee]]>
              </value>
            </param>
          </params>
          <reporter-output>
          </reporter-output>
        </test-method> <!-- openAccountTest -->
        <test-method status="PASS" signature="teardown()[pri:0, instance:testcases.OpenAccountTest@f736069]" name="teardown" is-config="true" duration-ms="979" started-at="2018-07-02T13:07:20Z" finished-at="2018-07-02T13:07:21Z">
          <reporter-output>
          </reporter-output>
        </test-method> <!-- teardown -->
      </class> <!-- testcases.OpenAccountTest -->
    </test> <!-- Open Account Test -->
  </suite> <!-- Data Driven Basics -->
</testng-results>
