<?xml version="1.0" encoding="UTF-8"?>
<!-- Generated by org.testng.reporters.JUnitXMLReporter -->
<testsuite ignored="0" hostname="Benny-computer" failures="1" tests="1" name="Bank Manager Login Test" time="0.326" errors="0" timestamp="30 Jun 2018 15:24:40 GMT">
  <testcase classname="testcases.BankManagerLoginTest" name="loginAsBankManager" time="0.309">
    <failure type="java.lang.AssertionError" message="Login not succesfull">
      <![CDATA[java.lang.AssertionError: Login not succesfull
	at testcases.BankManagerLoginTest.loginAsBankManager(BankManagerLoginTest.java:22)
... Removed 26 stack frames]]>
    </failure>
  </testcase> <!-- loginAsBankManager -->
</testsuite> <!-- Bank Manager Login Test -->
