<?xml version="1.0" encoding="UTF-8"?>
<!-- Generated by org.testng.reporters.JUnitXMLReporter -->
<testsuite ignored="0" hostname="Benny-computer" failures="1" tests="1" name="LoginTest" time="10.205" errors="0" timestamp="29 Jun 2018 17:11:40 GMT">
  <testcase classname="testcases.LoginTest" name="loginAsBankManager" time="10.186">
    <failure type="java.lang.AssertionError" message="Login Not Succesful expected [true] but found [false]">
      <![CDATA[java.lang.AssertionError: Login Not Succesful expected [true] but found [false]
	at testcases.LoginTest.loginAsBankManager(LoginTest.java:16)
... Removed 28 stack frames]]>
    </failure>
  </testcase> <!-- loginAsBankManager -->
</testsuite> <!-- LoginTest -->
