<?xml version="1.0" encoding="UTF-8"?>
<testng-results ignored="2" total="3" passed="1" failed="0" skipped="0">
  <reporter-output>
  </reporter-output>
  <suite started-at="2018-06-29T16:46:07Z" name="Default suite" finished-at="2018-06-29T16:46:10Z" duration-ms="3118">
    <groups>
    </groups>
    <test started-at="2018-06-29T16:46:07Z" name="Default test" finished-at="2018-06-29T16:46:10Z" duration-ms="3118">
      <class name="base.TestBase">
        <test-method is-config="true" signature="setup()[pri:0, instance:base.TestBase@d9345cd]" started-at="2018-06-29T19:46:01Z" name="setup" finished-at="2018-06-29T19:46:07Z" duration-ms="5930" status="PASS">
          <reporter-output>
          </reporter-output>
        </test-method> <!-- setup -->
        <test-method is-config="true" signature="teardown()[pri:0, instance:base.TestBase@d9345cd]" started-at="2018-06-29T19:46:10Z" name="teardown" finished-at="2018-06-29T19:46:11Z" duration-ms="859" status="PASS">
          <reporter-output>
          </reporter-output>
        </test-method> <!-- teardown -->
      </class> <!-- base.TestBase -->
      <class name="testcases.LoginTest">
        <test-method signature="loginAsBankManager()[pri:0, instance:testcases.LoginTest@2d710f1a]" started-at="2018-06-29T19:46:07Z" name="loginAsBankManager" finished-at="2018-06-29T19:46:10Z" duration-ms="3100" status="PASS">
          <reporter-output>
          </reporter-output>
        </test-method> <!-- loginAsBankManager -->
      </class> <!-- testcases.LoginTest -->
    </test> <!-- Default test -->
  </suite> <!-- Default suite -->
</testng-results>
