<?xml version="1.0" encoding="UTF-8"?>
<testsuite name="Add Customer Test"
           tests="4"
           failures="0"
           errors="0"
           skipped="1"
           time="1.353">
  <properties />
  
            <testcase name="addCustomerTest" time="0.0" classname="testcases.AddCustomerTest">
          <skipped />
    </testcase>
  
            <testcase name="addCustomerTest" time="0.356" classname="testcases.AddCustomerTest" />
                <testcase name="addCustomerTest" time="0.325" classname="testcases.AddCustomerTest" />
                <testcase name="addCustomerTest" time="0.671" classname="testcases.AddCustomerTest" />
      
</testsuite>
